Using pre-set license
Built from '2021.3/staging' branch; Version is '2021.3.6f1 (7da38d85baf6) revision 8233869'; Using compiler version '192829333'; Build Type 'Release'
OS: 'Windows 10  (10.0.19044) 64bit Professional' Language: 'ru' Physical Memory: 32692 MB
BatchMode: 1, IsHumanControllingUs: 0, StartBugReporterOnCrash: 0, Is64bit: 1, IsPro: 1

COMMAND LINE ARGUMENTS:
A:\UnityEditor\2021.3.6f1\Editor\Unity.exe
-adb2
-batchMode
-noUpm
-name
AssetImportWorker1
-projectPath
A:/Unity Projects/Arcade
-logFile
Logs/AssetImportWorker1.log
-srvPort
50796
Successfully changed project path to: A:/Unity Projects/Arcade
A:/Unity Projects/Arcade
[UnityMemory] Configuration Parameters - Can be set up in boot.config
    "memorysetup-bucket-allocator-granularity=16"
    "memorysetup-bucket-allocator-bucket-count=8"
    "memorysetup-bucket-allocator-block-size=33554432"
    "memorysetup-bucket-allocator-block-count=8"
    "memorysetup-main-allocator-block-size=16777216"
    "memorysetup-thread-allocator-block-size=16777216"
    "memorysetup-gfx-main-allocator-block-size=16777216"
    "memorysetup-gfx-thread-allocator-block-size=16777216"
    "memorysetup-cache-allocator-block-size=4194304"
    "memorysetup-typetree-allocator-block-size=2097152"
    "memorysetup-profiler-bucket-allocator-granularity=16"
    "memorysetup-profiler-bucket-allocator-bucket-count=8"
    "memorysetup-profiler-bucket-allocator-block-size=33554432"
    "memorysetup-profiler-bucket-allocator-block-count=8"
    "memorysetup-profiler-allocator-block-size=16777216"
    "memorysetup-profiler-editor-allocator-block-size=1048576"
    "memorysetup-temp-allocator-size-main=16777216"
    "memorysetup-job-temp-allocator-block-size=2097152"
    "memorysetup-job-temp-allocator-block-size-background=1048576"
    "memorysetup-job-temp-allocator-reduction-small-platforms=262144"
    "memorysetup-temp-allocator-size-background-worker=32768"
    "memorysetup-temp-allocator-size-job-worker=262144"
    "memorysetup-temp-allocator-size-preload-manager=33554432"
    "memorysetup-temp-allocator-size-nav-mesh-worker=65536"
    "memorysetup-temp-allocator-size-audio-worker=65536"
    "memorysetup-temp-allocator-size-cloud-worker=32768"
    "memorysetup-temp-allocator-size-gi-baking-worker=262144"
    "memorysetup-temp-allocator-size-gfx=262144"
Refreshing native plugins compatible for Editor in 40.29 ms, found 3 plugins.
Preloading 0 native plugins for Editor in 0.00 ms.
Initialize engine version: 2021.3.6f1 (7da38d85baf6)
[Subsystems] Discovering subsystems at path A:/UnityEditor/2021.3.6f1/Editor/Data/Resources/UnitySubsystems
[Subsystems] Discovering subsystems at path A:/Unity Projects/Arcade/Assets
GfxDevice: creating device client; threaded=0; jobified=0
Direct3D:
    Version:  Direct3D 11.0 [level 11.1]
    Renderer: NVIDIA GeForce GTX 1060 6GB (ID=0x1c03)
    Vendor:   NVIDIA
    VRAM:     6052 MB
    Driver:   30.0.15.1277
Initialize mono
Mono path[0] = 'A:/UnityEditor/2021.3.6f1/Editor/Data/Managed'
Mono path[1] = 'A:/UnityEditor/2021.3.6f1/Editor/Data/MonoBleedingEdge/lib/mono/unityjit-win32'
Mono config path = 'A:/UnityEditor/2021.3.6f1/Editor/Data/MonoBleedingEdge/etc'
Using monoOptions --debugger-agent=transport=dt_socket,embedding=1,server=y,suspend=n,address=127.0.0.1:56128
Begin MonoManager ReloadAssembly
Registering precompiled unity dll's ...
Register platform support module: A:/UnityEditor/2021.3.6f1/Editor/Data/PlaybackEngines/WebGLSupport/UnityEditor.WebGL.Extensions.dll
Register platform support module: A:/UnityEditor/2021.3.6f1/Editor/Data/PlaybackEngines/WindowsStandaloneSupport/UnityEditor.WindowsStandalone.Extensions.dll
Registered in 0.002314 seconds.
Native extension for WindowsStandalone target not found
Native extension for WebGL target not found
Refreshing native plugins compatible for Editor in 39.83 ms, found 3 plugins.
Preloading 0 native plugins for Editor in 0.00 ms.
Mono: successfully reloaded assembly
- Completed reload, in  0.491 seconds
Domain Reload Profiling:
	ReloadAssembly (491ms)
		BeginReloadAssembly (58ms)
			ExecutionOrderSort (0ms)
			DisableScriptedObjects (0ms)
			BackupInstance (0ms)
			ReleaseScriptingObjects (0ms)
			CreateAndSetChildDomain (1ms)
		EndReloadAssembly (345ms)
			LoadAssemblies (58ms)
			RebuildTransferFunctionScriptingTraits (0ms)
			SetupTypeCache (86ms)
			ReleaseScriptCaches (0ms)
			RebuildScriptCaches (23ms)
			SetupLoadedEditorAssemblies (198ms)
				LogAssemblyErrors (0ms)
				InitializePlatformSupportModulesInManaged (6ms)
				SetLoadedEditorAssemblies (0ms)
				RefreshPlugins (40ms)
				BeforeProcessingInitializeOnLoad (1ms)
				ProcessInitializeOnLoadAttributes (116ms)
				ProcessInitializeOnLoadMethodAttributes (35ms)
				AfterProcessingInitializeOnLoad (0ms)
				EditorAssembliesLoaded (0ms)
			ExecutionOrderSort2 (0ms)
			AwakeInstancesAfterBackupRestoration (0ms)
Platform modules already initialized, skipping
Registering precompiled user dll's ...
Registered in 0.003118 seconds.
Begin MonoManager ReloadAssembly
Native extension for WindowsStandalone target not found
Native extension for WebGL target not found
Refreshing native plugins compatible for Editor in 40.03 ms, found 3 plugins.
Preloading 0 native plugins for Editor in 0.00 ms.
Mono: successfully reloaded assembly
- Completed reload, in  0.831 seconds
Domain Reload Profiling:
	ReloadAssembly (831ms)
		BeginReloadAssembly (94ms)
			ExecutionOrderSort (0ms)
			DisableScriptedObjects (5ms)
			BackupInstance (0ms)
			ReleaseScriptingObjects (0ms)
			CreateAndSetChildDomain (18ms)
		EndReloadAssembly (641ms)
			LoadAssemblies (63ms)
			RebuildTransferFunctionScriptingTraits (0ms)
			SetupTypeCache (171ms)
			ReleaseScriptCaches (1ms)
			RebuildScriptCaches (43ms)
			SetupLoadedEditorAssemblies (329ms)
				LogAssemblyErrors (0ms)
				InitializePlatformSupportModulesInManaged (4ms)
				SetLoadedEditorAssemblies (0ms)
				RefreshPlugins (40ms)
				BeforeProcessingInitializeOnLoad (56ms)
				ProcessInitializeOnLoadAttributes (189ms)
				ProcessInitializeOnLoadMethodAttributes (37ms)
				AfterProcessingInitializeOnLoad (3ms)
				EditorAssembliesLoaded (0ms)
			ExecutionOrderSort2 (0ms)
			AwakeInstancesAfterBackupRestoration (5ms)
Platform modules already initialized, skipping
========================================================================
Worker process is ready to serve import requests
Launched and connected shader compiler UnityShaderCompiler.exe after 0.08 seconds
Refreshing native plugins compatible for Editor in 0.59 ms, found 3 plugins.
Preloading 0 native plugins for Editor in 0.00 ms.
Unloading 2607 Unused Serialized files (Serialized files now loaded: 0)
Unloading 34 unused Assets / (55.5 KB). Loaded Objects now: 3070.
Memory consumption went from 114.8 MB to 114.8 MB.
Total: 3.031300 ms (FindLiveObjects: 0.217100 ms CreateObjectMapping: 0.069900 ms MarkObjects: 2.664600 ms  DeleteObjects: 0.078700 ms)

AssetImportParameters requested are different than current active one (requested -> active):
  custom:video-decoder-ogg-theora: a1e56fd34408186e4bbccfd4996cb3dc -> 
  custom:container-muxer-webm: aa71ff27fc2769a1b78a27578f13a17b -> 
  custom:container-demuxer-webm: 4f35f7cbe854078d1ac9338744f61a02 -> 
  custom:video-encoder-webm-vp8: eb34c28f22e8b96e1ab97ce403110664 -> 
  custom:audio-encoder-webm-vorbis: bf7c407c2cedff20999df2af8eb42d56 -> 
  custom:framework-win-MediaFoundation: 216162199b28c13a410421893ffa2e32 -> 
  custom:container-demuxer-ogg: 62fdf1f143b41e24485cea50d1cbac27 -> 
  custom:video-decoder-webm-vp8: 9c59270c3fd7afecdb556c50c9e8de78 -> 
  custom:audio-decoder-ogg-vorbis: bf7c407c2cedff20999df2af8eb42d56 -> 
========================================================================
Received Import Request.
  Time since last request: 904909.442440 seconds.
  path: Assets/AstarPathfindingProject/AstarPathfindingProject.asmdef
  artifactKey: Guid(efa45043feb7e4147a305b73b5cea642) Importer(815301076,1909f56bfc062723c751e8b465ee728b)
Start importing Assets/AstarPathfindingProject/AstarPathfindingProject.asmdef using Guid(efa45043feb7e4147a305b73b5cea642) Importer(815301076,1909f56bfc062723c751e8b465ee728b)  -> (artifact id: '3d947e0d4e0069afe026dc78dc4007bf') in 0.022008 seconds 
========================================================================
Received Import Request.
  Time since last request: 1090.915977 seconds.
  path: Assets/AssetStore/Sprites/Details/Autumn Tree.png
  artifactKey: Guid(e0afbfc9c0606dd4f95ad1ab7aac5e41) Importer(815301076,1909f56bfc062723c751e8b465ee728b)
Start importing Assets/AssetStore/Sprites/Details/Autumn Tree.png using Guid(e0afbfc9c0606dd4f95ad1ab7aac5e41) Importer(815301076,1909f56bfc062723c751e8b465ee728b)  -> (artifact id: '745876cfe45d275cf3d989b6be304823') in 0.345807 seconds 
========================================================================
Received Import Request.
  Time since last request: 0.000020 seconds.
  path: Assets/AssetStore/Sprites/Details/Winter Tree.png
  artifactKey: Guid(400059c5814c5474aa734c34b9e962a8) Importer(815301076,1909f56bfc062723c751e8b465ee728b)
Start importing Assets/AssetStore/Sprites/Details/Winter Tree.png using Guid(400059c5814c5474aa734c34b9e962a8) Importer(815301076,1909f56bfc062723c751e8b465ee728b)  -> (artifact id: '3d4e313b99ac0f8331b56ff4c3a5ab97') in 0.214334 seconds 
========================================================================
Received Import Request.
  Time since last request: 0.000023 seconds.
  path: Assets/AssetStore/Sprites/Details/Tree.png
  artifactKey: Guid(749a08f7ebff93b4a8dea769d7f95773) Importer(815301076,1909f56bfc062723c751e8b465ee728b)
Start importing Assets/AssetStore/Sprites/Details/Tree.png using Guid(749a08f7ebff93b4a8dea769d7f95773) Importer(815301076,1909f56bfc062723c751e8b465ee728b)  -> (artifact id: '791ae623fd3ed302b5d5b8dcc508928a') in 0.192708 seconds 
========================================================================
Received Import Request.
  Time since last request: 0.752451 seconds.
  path: Assets/AssetStore/Sprites/Character Animation/Idle/blink.png
  artifactKey: Guid(f9ce12747dd8ffb4ebe5f14ab04f32b1) Importer(815301076,1909f56bfc062723c751e8b465ee728b)
Start importing Assets/AssetStore/Sprites/Character Animation/Idle/blink.png using Guid(f9ce12747dd8ffb4ebe5f14ab04f32b1) Importer(815301076,1909f56bfc062723c751e8b465ee728b)  -> (artifact id: '6e728726cbfaf6ce9189d619e74497d6') in 0.117055 seconds 
========================================================================
Received Import Request.
  Time since last request: 0.317061 seconds.
  path: Assets/AssetStore/Sprites/Background/Cloud_1.png
  artifactKey: Guid(2d7683012a50e5d4db5e064273673638) Importer(815301076,1909f56bfc062723c751e8b465ee728b)
Start importing Assets/AssetStore/Sprites/Background/Cloud_1.png using Guid(2d7683012a50e5d4db5e064273673638) Importer(815301076,1909f56bfc062723c751e8b465ee728b)  -> (artifact id: 'f55ef42eb1a99cacbf487c37963cc56f') in 0.085399 seconds 
========================================================================
Received Import Request.
  Time since last request: 0.000020 seconds.
  path: Assets/AssetStore/Sprites/Background/Cloud_2.png
  artifactKey: Guid(5ece7682d873cd643a452f09daec554d) Importer(815301076,1909f56bfc062723c751e8b465ee728b)
Start importing Assets/AssetStore/Sprites/Background/Cloud_2.png using Guid(5ece7682d873cd643a452f09daec554d) Importer(815301076,1909f56bfc062723c751e8b465ee728b)  -> (artifact id: '223f5e86a6753c60888ecd6098e155b0') in 0.062815 seconds 
========================================================================
Received Import Request.
  Time since last request: 0.000017 seconds.
  path: Assets/AssetStore/Sprites/Background/Mountain_1.png
  artifactKey: Guid(185d279125c69534d998d80dd5b85816) Importer(815301076,1909f56bfc062723c751e8b465ee728b)
Start importing Assets/AssetStore/Sprites/Background/Mountain_1.png using Guid(185d279125c69534d998d80dd5b85816) Importer(815301076,1909f56bfc062723c751e8b465ee728b)  -> (artifact id: 'c4a6c66f529e8a4b6c1ef7001a282909') in 0.122026 seconds 
========================================================================
Received Import Request.
  Time since last request: 0.000023 seconds.
  path: Assets/AssetStore/Sprites/Background/Mountain_4.png
  artifactKey: Guid(7a44d5d02afe5f64fba10dd9bc58f6a6) Importer(815301076,1909f56bfc062723c751e8b465ee728b)
Start importing Assets/AssetStore/Sprites/Background/Mountain_4.png using Guid(7a44d5d02afe5f64fba10dd9bc58f6a6) Importer(815301076,1909f56bfc062723c751e8b465ee728b)  -> (artifact id: 'a7aa61f73d1966479a2adbe76c4b39ec') in 0.111607 seconds 
========================================================================
Received Import Request.
  Time since last request: 0.000016 seconds.
  path: Assets/AssetStore/Sprites/Background/Sky.png
  artifactKey: Guid(255bec901c6b800459c02321349e2ac7) Importer(815301076,1909f56bfc062723c751e8b465ee728b)
Start importing Assets/AssetStore/Sprites/Background/Sky.png using Guid(255bec901c6b800459c02321349e2ac7) Importer(815301076,1909f56bfc062723c751e8b465ee728b)  -> (artifact id: 'f506379f2dc4519e0400e50fb86f463e') in 0.198921 seconds 
========================================================================
Received Import Request.
  Time since last request: 0.000026 seconds.
  path: Assets/AssetStore/Sprites/Background/Hills_1.png
  artifactKey: Guid(a629dd0c4f24fbf4986787247e41a1af) Importer(815301076,1909f56bfc062723c751e8b465ee728b)
Start importing Assets/AssetStore/Sprites/Background/Hills_1.png using Guid(a629dd0c4f24fbf4986787247e41a1af) Importer(815301076,1909f56bfc062723c751e8b465ee728b)  -> (artifact id: '509c39692eae284762fa0d8d41bb81b5') in 0.226411 seconds 
========================================================================
Received Import Request.
  Time since last request: 1.278161 seconds.
  path: Assets/AssetStore/Sprites/Chests/Chest1 Image3x2.png
  artifactKey: Guid(5c9f9eaa590eab54597f01dd54fbb687) Importer(815301076,1909f56bfc062723c751e8b465ee728b)
Start importing Assets/AssetStore/Sprites/Chests/Chest1 Image3x2.png using Guid(5c9f9eaa590eab54597f01dd54fbb687) Importer(815301076,1909f56bfc062723c751e8b465ee728b)  -> (artifact id: '09472e28dd4b2864fad8eec5bbcb80dc') in 0.054896 seconds 
========================================================================
Received Import Request.
  Time since last request: 0.000015 seconds.
  path: Assets/AssetStore/Sprites/Chests/Chest2 Image7x2.png
  artifactKey: Guid(613acb280077bf847abfc8e45f384cbf) Importer(815301076,1909f56bfc062723c751e8b465ee728b)
Start importing Assets/AssetStore/Sprites/Chests/Chest2 Image7x2.png using Guid(613acb280077bf847abfc8e45f384cbf) Importer(815301076,1909f56bfc062723c751e8b465ee728b)  -> (artifact id: '9f5a4c989b6a6cf548e755f0312b74a8') in 0.036682 seconds 
========================================================================
Received Import Request.
  Time since last request: 0.000017 seconds.
  path: Assets/AssetStore/Sprites/Chests/Chest1 Image8x2.png
  artifactKey: Guid(571231ffb77abd84083641666af5694a) Importer(815301076,1909f56bfc062723c751e8b465ee728b)
Start importing Assets/AssetStore/Sprites/Chests/Chest1 Image8x2.png using Guid(571231ffb77abd84083641666af5694a) Importer(815301076,1909f56bfc062723c751e8b465ee728b)  -> (artifact id: '508965cb2b675ca25bd82432d35d437b') in 0.067048 seconds 
========================================================================
Received Import Request.
  Time since last request: 0.000019 seconds.
  path: Assets/AssetStore/Sprites/Chests/Chest2 Image4x2.png
  artifactKey: Guid(050da6adc3a5bce4aa0a5867b14068ad) Importer(815301076,1909f56bfc062723c751e8b465ee728b)
Start importing Assets/AssetStore/Sprites/Chests/Chest2 Image4x2.png using Guid(050da6adc3a5bce4aa0a5867b14068ad) Importer(815301076,1909f56bfc062723c751e8b465ee728b)  -> (artifact id: 'f8a6c890af7dda5e8b11de352cfa36a5') in 0.079678 seconds 
========================================================================
Received Import Request.
  Time since last request: 1.078995 seconds.
  path: Assets/AssetStore/Sprites/GUI/Empty1024x1024.png
  artifactKey: Guid(61ad2efec602ac34eb709c6338e9d84b) Importer(815301076,1909f56bfc062723c751e8b465ee728b)
Start importing Assets/AssetStore/Sprites/GUI/Empty1024x1024.png using Guid(61ad2efec602ac34eb709c6338e9d84b) Importer(815301076,1909f56bfc062723c751e8b465ee728b)  -> (artifact id: 'a0f7868dc0997396ebb6733ebf8d08a7') in 0.102569 seconds 
========================================================================
Received Import Request.
  Time since last request: 0.362208 seconds.
  path: Assets/AssetStore/Sprites/Enemy/Mace&Saw&Spike/Spike_Down.png
  artifactKey: Guid(fb3b62ca1098cb044ac6ecc69fe8026d) Importer(815301076,1909f56bfc062723c751e8b465ee728b)
Start importing Assets/AssetStore/Sprites/Enemy/Mace&Saw&Spike/Spike_Down.png using Guid(fb3b62ca1098cb044ac6ecc69fe8026d) Importer(815301076,1909f56bfc062723c751e8b465ee728b)  -> (artifact id: '4fc0b23f24c5d7964894ce5e9c879351') in 0.095515 seconds 
Editor requested this worker to shutdown with reason: Scaling down because of idle timeout
AssetImportWorker is now disconnected from the server
Process exiting
Exiting without the bug reporter. Application will terminate with return code 0